# JRE version: OpenJDK Runtime Environment (22.0.1+8) (build 22.0.1+8-16)
# Java VM: OpenJDK 64-Bit Server VM (22.0.1+8-16, mixed mode, emulated-client, sharing, tiered, compressed oops, compressed class ptrs, g1 gc, windows-amd64)
GC Precious Log:
 CardTable entry size: 512
 Card Set container configuration: InlinePtr #cards 4 size 8 Array Of Cards #cards 16 size 48 Howl #buckets 8 coarsen threshold 3686 Howl Bitmap #cards 512 size 80 coarsen threshold 460 Card regions per heap region 1 cards per card region 4096
 CPUs: 8 total, 8 available
 Memory: 16382M
 Large Page Support: Disabled
 NUMA Support: Disabled
 Compressed Oops: Enabled (Zero based)
 Heap Region Size: 2M
 Heap Min Capacity: 8M
 Heap Initial Capacity: 256M
 Heap Max Capacity: 4G
 Pre-touch: Disabled
 Parallel Workers: 8
 Concurrent Workers: 2
 Concurrent Refinement Workers: 8
 Periodic GC: Disabled
Heap:
 garbage-first heap   total reserved 4194304K, committed 964608K, used 237648K [0x0000000700000000, 0x0000000800000000)
  region size 2048K, 1 young (2048K), 1 survivors (2048K)
 Metaspace       used 77839K, committed 78656K, reserved 1179648K
  class space    used 11246K, committed 11584K, reserved 1048576K
GC Heap History (20 events):
Event: 29.812 GC heap after
{Heap after GC invocations=63 (full 0):
 garbage-first heap   total reserved 4194304K, committed 462848K, used 73460K [0x0000000700000000, 0x0000000800000000)
  region size 2048K, 1 young (2048K), 1 survivors (2048K)
 Metaspace       used 77826K, committed 78592K, reserved 1179648K
  class space    used 11244K, committed 11584K, reserved 1048576K
}
Event: 29.817 GC heap before
{Heap before GC invocations=63 (full 0):
 garbage-first heap   total reserved 4194304K, committed 462848K, used 77556K [0x0000000700000000, 0x0000000800000000)
  region size 2048K, 2 young (4096K), 1 survivors (2048K)
 Metaspace       used 77826K, committed 78592K, reserved 1179648K
  class space    used 11244K, committed 11584K, reserved 1048576K
}
Event: 29.823 GC heap after
{Heap after GC invocations=64 (full 0):
 garbage-first heap   total reserved 4194304K, committed 964608K, used 57803K [0x0000000700000000, 0x0000000800000000)
  region size 2048K, 1 young (2048K), 1 survivors (2048K)
 Metaspace       used 77826K, committed 78592K, reserved 1179648K
  class space    used 11244K, committed 11584K, reserved 1048576K
}
Event: 31.402 GC heap before
{Heap before GC invocations=64 (full 0):
 garbage-first heap   total reserved 4194304K, committed 964608K, used 365003K [0x0000000700000000, 0x0000000800000000)
  region size 2048K, 62 young (126976K), 1 survivors (2048K)
 Metaspace       used 77826K, committed 78592K, reserved 1179648K
  class space    used 11244K, committed 11584K, reserved 1048576K
}
Event: 31.405 GC heap after
{Heap after GC invocations=65 (full 0):
 garbage-first heap   total reserved 4194304K, committed 964608K, used 242107K [0x0000000700000000, 0x0000000800000000)
  region size 2048K, 1 young (2048K), 1 survivors (2048K)
 Metaspace       used 77826K, committed 78592K, reserved 1179648K
  class space    used 11244K, committed 11584K, reserved 1048576K
}
Event: 31.488 GC heap before
{Heap before GC invocations=65 (full 0):
 garbage-first heap   total reserved 4194304K, committed 964608K, used 254395K [0x0000000700000000, 0x0000000800000000)
  region size 2048K, 5 young (10240K), 1 survivors (2048K)
 Metaspace       used 77826K, committed 78592K, reserved 1179648K
  class space    used 11244K, committed 11584K, reserved 1048576K
}
Event: 31.490 GC heap after
{Heap after GC invocations=66 (full 0):
 garbage-first heap   total reserved 4194304K, committed 964608K, used 63207K [0x0000000700000000, 0x0000000800000000)
  region size 2048K, 1 young (2048K), 1 survivors (2048K)
 Metaspace       used 77826K, committed 78592K, reserved 1179648K
  class space    used 11244K, committed 11584K, reserved 1048576K
}
Event: 32.969 GC heap before
{Heap before GC invocations=66 (full 0):
 garbage-first heap   total reserved 4194304K, committed 964608K, used 358119K [0x0000000700000000, 0x0000000800000000)
  region size 2048K, 59 young (120832K), 1 survivors (2048K)
 Metaspace       used 77839K, committed 78656K, reserved 1179648K
  class space    used 11246K, committed 11584K, reserved 1048576K
}
Event: 32.971 GC heap after
{Heap after GC invocations=67 (full 0):
 garbage-first heap   total reserved 4194304K, committed 964608K, used 231768K [0x0000000700000000, 0x0000000800000000)
  region size 2048K, 1 young (2048K), 1 survivors (2048K)
 Metaspace       used 77839K, committed 78656K, reserved 1179648K
  class space    used 11246K, committed 11584K, reserved 1048576K
}
Event: 33.056 GC heap before
{Heap before GC invocations=67 (full 0):
 garbage-first heap   total reserved 4194304K, committed 964608K, used 244056K [0x0000000700000000, 0x0000000800000000)
  region size 2048K, 5 young (10240K), 1 survivors (2048K)
 Metaspace       used 77839K, committed 78656K, reserved 1179648K
  class space    used 11246K, committed 11584K, reserved 1048576K
}
Event: 33.064 GC heap after
{Heap after GC invocations=68 (full 0):
 garbage-first heap   total reserved 4194304K, committed 964608K, used 63338K [0x0000000700000000, 0x0000000800000000)
  region size 2048K, 1 young (2048K), 1 survivors (2048K)
 Metaspace       used 77839K, committed 78656K, reserved 1179648K
  class space    used 11246K, committed 11584K, reserved 1048576K
}
Event: 34.556 GC heap before
{Heap before GC invocations=68 (full 0):
 garbage-first heap   total reserved 4194304K, committed 964608K, used 358250K [0x0000000700000000, 0x0000000800000000)
  region size 2048K, 59 young (120832K), 1 survivors (2048K)
 Metaspace       used 77839K, committed 78656K, reserved 1179648K
  class space    used 11246K, committed 11584K, reserved 1048576K
}
Event: 34.560 GC heap after
{Heap after GC invocations=69 (full 0):
 garbage-first heap   total reserved 4194304K, committed 964608K, used 231867K [0x0000000700000000, 0x0000000800000000)
  region size 2048K, 1 young (2048K), 1 survivors (2048K)
 Metaspace       used 77839K, committed 78656K, reserved 1179648K
  class space    used 11246K, committed 11584K, reserved 1048576K
}
Event: 34.648 GC heap before
{Heap before GC invocations=69 (full 0):
 garbage-first heap   total reserved 4194304K, committed 964608K, used 244155K [0x0000000700000000, 0x0000000800000000)
  region size 2048K, 5 young (10240K), 1 survivors (2048K)
 Metaspace       used 77839K, committed 78656K, reserved 1179648K
  class space    used 11246K, committed 11584K, reserved 1048576K
}
Event: 34.651 GC heap after
{Heap after GC invocations=70 (full 0):
 garbage-first heap   total reserved 4194304K, committed 964608K, used 63549K [0x0000000700000000, 0x0000000800000000)
  region size 2048K, 1 young (2048K), 1 survivors (2048K)
 Metaspace       used 77839K, committed 78656K, reserved 1179648K
  class space    used 11246K, committed 11584K, reserved 1048576K
}
Event: 36.389 GC heap before
{Heap before GC invocations=70 (full 0):
 garbage-first heap   total reserved 4194304K, committed 964608K, used 356413K [0x0000000700000000, 0x0000000800000000)
  region size 2048K, 60 young (122880K), 1 survivors (2048K)
 Metaspace       used 77839K, committed 78656K, reserved 1179648K
  class space    used 11246K, committed 11584K, reserved 1048576K
}
Event: 36.392 GC heap after
{Heap after GC invocations=71 (full 0):
 garbage-first heap   total reserved 4194304K, committed 964608K, used 227633K [0x0000000700000000, 0x0000000800000000)
  region size 2048K, 1 young (2048K), 1 survivors (2048K)
 Metaspace       used 77839K, committed 78656K, reserved 1179648K
  class space    used 11246K, committed 11584K, reserved 1048576K
}
Event: 36.397 GC heap before
{Heap before GC invocations=71 (full 0):
 garbage-first heap   total reserved 4194304K, committed 964608K, used 231729K [0x0000000700000000, 0x0000000800000000)
  region size 2048K, 2 young (4096K), 1 survivors (2048K)
 Metaspace       used 77839K, committed 78656K, reserved 1179648K
  class space    used 11246K, committed 11584K, reserved 1048576K
}
Event: 36.400 GC heap after
{Heap after GC invocations=72 (full 0):
 garbage-first heap   total reserved 4194304K, committed 964608K, used 57667K [0x0000000700000000, 0x0000000800000000)
  region size 2048K, 1 young (2048K), 1 survivors (2048K)
 Metaspace       used 77839K, committed 78656K, reserved 1179648K
  class space    used 11246K, committed 11584K, reserved 1048576K
}
Event: 37.851 GC heap before
{Heap before GC invocations=72 (full 0):
 garbage-first heap   total reserved 4194304K, committed 964608K, used 362819K [0x0000000700000000, 0x0000000800000000)
  region size 2048K, 63 young (129024K), 1 survivors (2048K)
 Metaspace       used 77839K, committed 78656K, reserved 1179648K
  class space    used 11246K, committed 11584K, reserved 1048576K
}

