# JRE version: OpenJDK Runtime Environment (22.0.1+8) (build 22.0.1+8-16)
# Java VM: OpenJDK 64-Bit Server VM (22.0.1+8-16, mixed mode, emulated-client, sharing, tiered, compressed oops, compressed class ptrs, g1 gc, windows-amd64)
GC Precious Log:
 CardTable entry size: 512
 Card Set container configuration: InlinePtr #cards 4 size 8 Array Of Cards #cards 16 size 48 Howl #buckets 8 coarsen threshold 3686 Howl Bitmap #cards 512 size 80 coarsen threshold 460 Card regions per heap region 1 cards per card region 4096
 CPUs: 8 total, 8 available
 Memory: 16382M
 Large Page Support: Disabled
 NUMA Support: Disabled
 Compressed Oops: Enabled (Zero based)
 Heap Region Size: 2M
 Heap Min Capacity: 8M
 Heap Initial Capacity: 256M
 Heap Max Capacity: 4G
 Pre-touch: Disabled
 Parallel Workers: 8
 Concurrent Workers: 2
 Concurrent Refinement Workers: 8
 Periodic GC: Disabled
Heap:
 garbage-first heap   total reserved 4194304K, committed 706560K, used 114840K [0x0000000700000000, 0x0000000800000000)
  region size 2048K, 1 young (2048K), 1 survivors (2048K)
 Metaspace       used 77471K, committed 78528K, reserved 1179648K
  class space    used 11153K, committed 11584K, reserved 1048576K
GC Heap History (20 events):
Event: 52.884 GC heap after
{Heap after GC invocations=41 (full 0):
 garbage-first heap   total reserved 4194304K, committed 466944K, used 59014K [0x0000000700000000, 0x0000000800000000)
  region size 2048K, 1 young (2048K), 1 survivors (2048K)
 Metaspace       used 77457K, committed 78528K, reserved 1179648K
  class space    used 11150K, committed 11584K, reserved 1048576K
}
Event: 52.962 GC heap before
{Heap before GC invocations=41 (full 0):
 garbage-first heap   total reserved 4194304K, committed 466944K, used 81542K [0x0000000700000000, 0x0000000800000000)
  region size 2048K, 6 young (12288K), 1 survivors (2048K)
 Metaspace       used 77457K, committed 78528K, reserved 1179648K
  class space    used 11150K, committed 11584K, reserved 1048576K
}
Event: 52.966 GC heap after
{Heap after GC invocations=42 (full 0):
 garbage-first heap   total reserved 4194304K, committed 706560K, used 63566K [0x0000000700000000, 0x0000000800000000)
  region size 2048K, 1 young (2048K), 1 survivors (2048K)
 Metaspace       used 77457K, committed 78528K, reserved 1179648K
  class space    used 11150K, committed 11584K, reserved 1048576K
}
Event: 53.737 GC heap before
{Heap before GC invocations=42 (full 0):
 garbage-first heap   total reserved 4194304K, committed 706560K, used 217166K [0x0000000700000000, 0x0000000800000000)
  region size 2048K, 32 young (65536K), 1 survivors (2048K)
 Metaspace       used 77457K, committed 78528K, reserved 1179648K
  class space    used 11150K, committed 11584K, reserved 1048576K
}
Event: 53.739 GC heap after
{Heap after GC invocations=43 (full 0):
 garbage-first heap   total reserved 4194304K, committed 706560K, used 145735K [0x0000000700000000, 0x0000000800000000)
  region size 2048K, 1 young (2048K), 1 survivors (2048K)
 Metaspace       used 77457K, committed 78528K, reserved 1179648K
  class space    used 11150K, committed 11584K, reserved 1048576K
}
Event: 53.807 GC heap before
{Heap before GC invocations=43 (full 0):
 garbage-first heap   total reserved 4194304K, committed 706560K, used 158023K [0x0000000700000000, 0x0000000800000000)
  region size 2048K, 5 young (10240K), 1 survivors (2048K)
 Metaspace       used 77457K, committed 78528K, reserved 1179648K
  class space    used 11150K, committed 11584K, reserved 1048576K
}
Event: 53.809 GC heap after
{Heap after GC invocations=44 (full 0):
 garbage-first heap   total reserved 4194304K, committed 706560K, used 59033K [0x0000000700000000, 0x0000000800000000)
  region size 2048K, 1 young (2048K), 1 survivors (2048K)
 Metaspace       used 77457K, committed 78528K, reserved 1179648K
  class space    used 11150K, committed 11584K, reserved 1048576K
}
Event: 54.413 GC heap before
{Heap before GC invocations=44 (full 0):
 garbage-first heap   total reserved 4194304K, committed 706560K, used 202393K [0x0000000700000000, 0x0000000800000000)
  region size 2048K, 30 young (61440K), 1 survivors (2048K)
 Metaspace       used 77457K, committed 78528K, reserved 1179648K
  class space    used 11150K, committed 11584K, reserved 1048576K
}
Event: 54.416 GC heap after
{Heap after GC invocations=45 (full 0):
 garbage-first heap   total reserved 4194304K, committed 706560K, used 135291K [0x0000000700000000, 0x0000000800000000)
  region size 2048K, 1 young (2048K), 1 survivors (2048K)
 Metaspace       used 77457K, committed 78528K, reserved 1179648K
  class space    used 11150K, committed 11584K, reserved 1048576K
}
Event: 54.492 GC heap before
{Heap before GC invocations=45 (full 0):
 garbage-first heap   total reserved 4194304K, committed 706560K, used 147579K [0x0000000700000000, 0x0000000800000000)
  region size 2048K, 5 young (10240K), 1 survivors (2048K)
 Metaspace       used 77457K, committed 78528K, reserved 1179648K
  class space    used 11150K, committed 11584K, reserved 1048576K
}
Event: 54.494 GC heap after
{Heap after GC invocations=46 (full 0):
 garbage-first heap   total reserved 4194304K, committed 706560K, used 59287K [0x0000000700000000, 0x0000000800000000)
  region size 2048K, 1 young (2048K), 1 survivors (2048K)
 Metaspace       used 77457K, committed 78528K, reserved 1179648K
  class space    used 11150K, committed 11584K, reserved 1048576K
}
Event: 55.110 GC heap before
{Heap before GC invocations=46 (full 0):
 garbage-first heap   total reserved 4194304K, committed 706560K, used 196503K [0x0000000700000000, 0x0000000800000000)
  region size 2048K, 29 young (59392K), 1 survivors (2048K)
 Metaspace       used 77457K, committed 78528K, reserved 1179648K
  class space    used 11150K, committed 11584K, reserved 1048576K
}
Event: 55.112 GC heap after
{Heap after GC invocations=47 (full 0):
 garbage-first heap   total reserved 4194304K, committed 706560K, used 130743K [0x0000000700000000, 0x0000000800000000)
  region size 2048K, 1 young (2048K), 1 survivors (2048K)
 Metaspace       used 77457K, committed 78528K, reserved 1179648K
  class space    used 11150K, committed 11584K, reserved 1048576K
}
Event: 55.117 GC heap before
{Heap before GC invocations=47 (full 0):
 garbage-first heap   total reserved 4194304K, committed 706560K, used 136887K [0x0000000700000000, 0x0000000800000000)
  region size 2048K, 3 young (6144K), 1 survivors (2048K)
 Metaspace       used 77457K, committed 78528K, reserved 1179648K
  class space    used 11150K, committed 11584K, reserved 1048576K
}
Event: 55.119 GC heap after
{Heap after GC invocations=48 (full 0):
 garbage-first heap   total reserved 4194304K, committed 706560K, used 53582K [0x0000000700000000, 0x0000000800000000)
  region size 2048K, 1 young (2048K), 1 survivors (2048K)
 Metaspace       used 77457K, committed 78528K, reserved 1179648K
  class space    used 11150K, committed 11584K, reserved 1048576K
}
Event: 55.754 GC heap before
{Heap before GC invocations=48 (full 0):
 garbage-first heap   total reserved 4194304K, committed 706560K, used 190798K [0x0000000700000000, 0x0000000800000000)
  region size 2048K, 29 young (59392K), 1 survivors (2048K)
 Metaspace       used 77457K, committed 78528K, reserved 1179648K
  class space    used 11150K, committed 11584K, reserved 1048576K
}
Event: 55.757 GC heap after
{Heap after GC invocations=49 (full 0):
 garbage-first heap   total reserved 4194304K, committed 706560K, used 135308K [0x0000000700000000, 0x0000000800000000)
  region size 2048K, 1 young (2048K), 1 survivors (2048K)
 Metaspace       used 77457K, committed 78528K, reserved 1179648K
  class space    used 11150K, committed 11584K, reserved 1048576K
}
Event: 55.834 GC heap before
{Heap before GC invocations=49 (full 0):
 garbage-first heap   total reserved 4194304K, committed 706560K, used 147596K [0x0000000700000000, 0x0000000800000000)
  region size 2048K, 5 young (10240K), 1 survivors (2048K)
 Metaspace       used 77457K, committed 78528K, reserved 1179648K
  class space    used 11150K, committed 11584K, reserved 1048576K
}
Event: 55.836 GC heap after
{Heap after GC invocations=50 (full 0):
 garbage-first heap   total reserved 4194304K, committed 706560K, used 59083K [0x0000000700000000, 0x0000000800000000)
  region size 2048K, 1 young (2048K), 1 survivors (2048K)
 Metaspace       used 77457K, committed 78528K, reserved 1179648K
  class space    used 11150K, committed 11584K, reserved 1048576K
}
Event: 56.261 GC heap before
{Heap before GC invocations=50 (full 0):
 garbage-first heap   total reserved 4194304K, committed 706560K, used 165579K [0x0000000700000000, 0x0000000800000000)
  region size 2048K, 23 young (47104K), 1 survivors (2048K)
 Metaspace       used 77471K, committed 78528K, reserved 1179648K
  class space    used 11153K, committed 11584K, reserved 1048576K
}

