# JRE version: OpenJDK Runtime Environment (22.0.1+8) (build 22.0.1+8-16)
# Java VM: OpenJDK 64-Bit Server VM (22.0.1+8-16, mixed mode, emulated-client, sharing, tiered, compressed oops, compressed class ptrs, g1 gc, windows-amd64)
GC Precious Log:
 CardTable entry size: 512
 Card Set container configuration: InlinePtr #cards 4 size 8 Array Of Cards #cards 16 size 48 Howl #buckets 8 coarsen threshold 3686 Howl Bitmap #cards 512 size 80 coarsen threshold 460 Card regions per heap region 1 cards per card region 4096
 CPUs: 8 total, 8 available
 Memory: 16382M
 Large Page Support: Disabled
 NUMA Support: Disabled
 Compressed Oops: Enabled (Zero based)
 Heap Region Size: 2M
 Heap Min Capacity: 8M
 Heap Initial Capacity: 256M
 Heap Max Capacity: 4G
 Pre-touch: Disabled
 Parallel Workers: 8
 Concurrent Workers: 2
 Concurrent Refinement Workers: 8
 Periodic GC: Disabled
Heap:
 garbage-first heap   total reserved 4194304K, committed 309248K, used 299275K [0x0000000700000000, 0x0000000800000000)
  region size 2048K, 20 young (40960K), 1 survivors (2048K)
 Metaspace       used 77925K, committed 78784K, reserved 1179648K
  class space    used 11226K, committed 11584K, reserved 1048576K
GC Heap History (20 events):
Event: 11388.902 GC heap before
{Heap before GC invocations=280 (full 0):
 garbage-first heap   total reserved 4194304K, committed 299008K, used 297013K [0x0000000700000000, 0x0000000800000000)
  region size 2048K, 45 young (92160K), 1 survivors (2048K)
 Metaspace       used 77923K, committed 78784K, reserved 1179648K
  class space    used 11226K, committed 11584K, reserved 1048576K
}
Event: 11388.904 GC heap after
{Heap after GC invocations=281 (full 0):
 garbage-first heap   total reserved 4194304K, committed 303104K, used 207255K [0x0000000700000000, 0x0000000800000000)
  region size 2048K, 1 young (2048K), 1 survivors (2048K)
 Metaspace       used 77923K, committed 78784K, reserved 1179648K
  class space    used 11226K, committed 11584K, reserved 1048576K
}
Event: 11389.463 GC heap before
{Heap before GC invocations=281 (full 0):
 garbage-first heap   total reserved 4194304K, committed 323584K, used 319895K [0x0000000700000000, 0x0000000800000000)
  region size 2048K, 23 young (47104K), 1 survivors (2048K)
 Metaspace       used 77923K, committed 78784K, reserved 1179648K
  class space    used 11226K, committed 11584K, reserved 1048576K
}
Event: 11389.468 GC heap after
{Heap after GC invocations=282 (full 0):
 garbage-first heap   total reserved 4194304K, committed 325632K, used 141765K [0x0000000700000000, 0x0000000800000000)
  region size 2048K, 1 young (2048K), 1 survivors (2048K)
 Metaspace       used 77923K, committed 78784K, reserved 1179648K
  class space    used 11226K, committed 11584K, reserved 1048576K
}
Event: 11389.505 GC heap before
{Heap before GC invocations=282 (full 0):
 garbage-first heap   total reserved 4194304K, committed 325632K, used 145861K [0x0000000700000000, 0x0000000800000000)
  region size 2048K, 4 young (8192K), 1 survivors (2048K)
 Metaspace       used 77923K, committed 78784K, reserved 1179648K
  class space    used 11226K, committed 11584K, reserved 1048576K
}
Event: 11389.508 GC heap after
{Heap after GC invocations=283 (full 0):
 garbage-first heap   total reserved 4194304K, committed 325632K, used 69727K [0x0000000700000000, 0x0000000800000000)
  region size 2048K, 1 young (2048K), 1 survivors (2048K)
 Metaspace       used 77923K, committed 78784K, reserved 1179648K
  class space    used 11226K, committed 11584K, reserved 1048576K
}
Event: 11390.637 GC heap before
{Heap before GC invocations=284 (full 0):
 garbage-first heap   total reserved 4194304K, committed 299008K, used 297055K [0x0000000700000000, 0x0000000800000000)
  region size 2048K, 45 young (92160K), 1 survivors (2048K)
 Metaspace       used 77923K, committed 78784K, reserved 1179648K
  class space    used 11226K, committed 11584K, reserved 1048576K
}
Event: 11390.638 GC heap after
{Heap after GC invocations=285 (full 0):
 garbage-first heap   total reserved 4194304K, committed 303104K, used 207089K [0x0000000700000000, 0x0000000800000000)
  region size 2048K, 1 young (2048K), 1 survivors (2048K)
 Metaspace       used 77923K, committed 78784K, reserved 1179648K
  class space    used 11226K, committed 11584K, reserved 1048576K
}
Event: 11391.229 GC heap before
{Heap before GC invocations=285 (full 0):
 garbage-first heap   total reserved 4194304K, committed 323584K, used 319729K [0x0000000700000000, 0x0000000800000000)
  region size 2048K, 23 young (47104K), 1 survivors (2048K)
 Metaspace       used 77923K, committed 78784K, reserved 1179648K
  class space    used 11226K, committed 11584K, reserved 1048576K
}
Event: 11391.233 GC heap after
{Heap after GC invocations=286 (full 0):
 garbage-first heap   total reserved 4194304K, committed 325632K, used 141491K [0x0000000700000000, 0x0000000800000000)
  region size 2048K, 1 young (2048K), 1 survivors (2048K)
 Metaspace       used 77923K, committed 78784K, reserved 1179648K
  class space    used 11226K, committed 11584K, reserved 1048576K
}
Event: 11391.276 GC heap before
{Heap before GC invocations=286 (full 0):
 garbage-first heap   total reserved 4194304K, committed 325632K, used 145587K [0x0000000700000000, 0x0000000800000000)
  region size 2048K, 4 young (8192K), 1 survivors (2048K)
 Metaspace       used 77923K, committed 78784K, reserved 1179648K
  class space    used 11226K, committed 11584K, reserved 1048576K
}
Event: 11391.278 GC heap after
{Heap after GC invocations=287 (full 0):
 garbage-first heap   total reserved 4194304K, committed 325632K, used 69790K [0x0000000700000000, 0x0000000800000000)
  region size 2048K, 1 young (2048K), 1 survivors (2048K)
 Metaspace       used 77923K, committed 78784K, reserved 1179648K
  class space    used 11226K, committed 11584K, reserved 1048576K
}
Event: 11394.444 GC heap before
{Heap before GC invocations=288 (full 0):
 garbage-first heap   total reserved 4194304K, committed 305152K, used 303262K [0x0000000700000000, 0x0000000800000000)
  region size 2048K, 45 young (92160K), 1 survivors (2048K)
 Metaspace       used 77923K, committed 78784K, reserved 1179648K
  class space    used 11226K, committed 11584K, reserved 1048576K
}
Event: 11394.451 GC heap after
{Heap after GC invocations=289 (full 0):
 garbage-first heap   total reserved 4194304K, committed 307200K, used 212984K [0x0000000700000000, 0x0000000800000000)
  region size 2048K, 1 young (2048K), 1 survivors (2048K)
 Metaspace       used 77923K, committed 78784K, reserved 1179648K
  class space    used 11226K, committed 11584K, reserved 1048576K
}
Event: 11395.715 GC heap before
{Heap before GC invocations=289 (full 0):
 garbage-first heap   total reserved 4194304K, committed 321536K, used 319480K [0x0000000700000000, 0x0000000800000000)
  region size 2048K, 23 young (47104K), 1 survivors (2048K)
 Metaspace       used 77923K, committed 78784K, reserved 1179648K
  class space    used 11226K, committed 11584K, reserved 1048576K
}
Event: 11395.719 GC heap after
{Heap after GC invocations=290 (full 0):
 garbage-first heap   total reserved 4194304K, committed 325632K, used 131284K [0x0000000700000000, 0x0000000800000000)
  region size 2048K, 1 young (2048K), 1 survivors (2048K)
 Metaspace       used 77923K, committed 78784K, reserved 1179648K
  class space    used 11226K, committed 11584K, reserved 1048576K
}
Event: 11395.809 GC heap before
{Heap before GC invocations=290 (full 0):
 garbage-first heap   total reserved 4194304K, committed 325632K, used 131284K [0x0000000700000000, 0x0000000800000000)
  region size 2048K, 2 young (4096K), 1 survivors (2048K)
 Metaspace       used 77923K, committed 78784K, reserved 1179648K
  class space    used 11226K, committed 11584K, reserved 1048576K
}
Event: 11395.811 GC heap after
{Heap after GC invocations=291 (full 0):
 garbage-first heap   total reserved 4194304K, committed 325632K, used 69712K [0x0000000700000000, 0x0000000800000000)
  region size 2048K, 1 young (2048K), 1 survivors (2048K)
 Metaspace       used 77923K, committed 78784K, reserved 1179648K
  class space    used 11226K, committed 11584K, reserved 1048576K
}
Event: 11397.257 GC heap before
{Heap before GC invocations=292 (full 0):
 garbage-first heap   total reserved 4194304K, committed 290816K, used 288848K [0x0000000700000000, 0x0000000800000000)
  region size 2048K, 43 young (88064K), 1 survivors (2048K)
 Metaspace       used 77923K, committed 78784K, reserved 1179648K
  class space    used 11226K, committed 11584K, reserved 1048576K
}
Event: 11397.259 GC heap after
{Heap after GC invocations=293 (full 0):
 garbage-first heap   total reserved 4194304K, committed 294912K, used 203019K [0x0000000700000000, 0x0000000800000000)
  region size 2048K, 1 young (2048K), 1 survivors (2048K)
 Metaspace       used 77923K, committed 78784K, reserved 1179648K
  class space    used 11226K, committed 11584K, reserved 1048576K
}

