# JRE version: OpenJDK Runtime Environment (22.0.1+8) (build 22.0.1+8-16)
# Java VM: OpenJDK 64-Bit Server VM (22.0.1+8-16, mixed mode, emulated-client, sharing, tiered, compressed oops, compressed class ptrs, g1 gc, windows-amd64)
GC Precious Log:
 CardTable entry size: 512
 Card Set container configuration: InlinePtr #cards 4 size 8 Array Of Cards #cards 16 size 48 Howl #buckets 8 coarsen threshold 3686 Howl Bitmap #cards 512 size 80 coarsen threshold 460 Card regions per heap region 1 cards per card region 4096
 CPUs: 8 total, 8 available
 Memory: 16382M
 Large Page Support: Disabled
 NUMA Support: Disabled
 Compressed Oops: Enabled (Zero based)
 Heap Region Size: 2M
 Heap Min Capacity: 8M
 Heap Initial Capacity: 256M
 Heap Max Capacity: 4G
 Pre-touch: Disabled
 Parallel Workers: 8
 Concurrent Workers: 2
 Concurrent Refinement Workers: 8
 Periodic GC: Disabled
Heap:
 garbage-first heap   total reserved 4194304K, committed 219136K, used 210716K [0x0000000700000000, 0x0000000800000000)
  region size 2048K, 32 young (65536K), 1 survivors (2048K)
 Metaspace       used 77895K, committed 78656K, reserved 1179648K
  class space    used 11256K, committed 11584K, reserved 1048576K
GC Heap History (20 events):
Event: 83.680 GC heap before
{Heap before GC invocations=210 (full 0):
 garbage-first heap   total reserved 4194304K, committed 241664K, used 79074K [0x0000000700000000, 0x0000000800000000)
  region size 2048K, 5 young (10240K), 1 survivors (2048K)
 Metaspace       used 77895K, committed 78656K, reserved 1179648K
  class space    used 11256K, committed 11584K, reserved 1048576K
}
Event: 83.682 GC heap after
{Heap after GC invocations=211 (full 0):
 garbage-first heap   total reserved 4194304K, committed 241664K, used 62674K [0x0000000700000000, 0x0000000800000000)
  region size 2048K, 1 young (2048K), 1 survivors (2048K)
 Metaspace       used 77895K, committed 78656K, reserved 1179648K
  class space    used 11256K, committed 11584K, reserved 1048576K
}
Event: 83.844 GC heap before
{Heap before GC invocations=212 (full 0):
 garbage-first heap   total reserved 4194304K, committed 241664K, used 79058K [0x0000000700000000, 0x0000000800000000)
  region size 2048K, 5 young (10240K), 1 survivors (2048K)
 Metaspace       used 77895K, committed 78656K, reserved 1179648K
  class space    used 11256K, committed 11584K, reserved 1048576K
}
Event: 83.847 GC heap after
{Heap after GC invocations=213 (full 0):
 garbage-first heap   total reserved 4194304K, committed 241664K, used 62672K [0x0000000700000000, 0x0000000800000000)
  region size 2048K, 1 young (2048K), 1 survivors (2048K)
 Metaspace       used 77895K, committed 78656K, reserved 1179648K
  class space    used 11256K, committed 11584K, reserved 1048576K
}
Event: 83.963 GC heap before
{Heap before GC invocations=214 (full 0):
 garbage-first heap   total reserved 4194304K, committed 241664K, used 79056K [0x0000000700000000, 0x0000000800000000)
  region size 2048K, 5 young (10240K), 1 survivors (2048K)
 Metaspace       used 77895K, committed 78656K, reserved 1179648K
  class space    used 11256K, committed 11584K, reserved 1048576K
}
Event: 83.965 GC heap after
{Heap after GC invocations=215 (full 0):
 garbage-first heap   total reserved 4194304K, committed 241664K, used 62672K [0x0000000700000000, 0x0000000800000000)
  region size 2048K, 1 young (2048K), 1 survivors (2048K)
 Metaspace       used 77895K, committed 78656K, reserved 1179648K
  class space    used 11256K, committed 11584K, reserved 1048576K
}
Event: 84.057 GC heap before
{Heap before GC invocations=216 (full 0):
 garbage-first heap   total reserved 4194304K, committed 241664K, used 85200K [0x0000000700000000, 0x0000000800000000)
  region size 2048K, 6 young (12288K), 1 survivors (2048K)
 Metaspace       used 77895K, committed 78656K, reserved 1179648K
  class space    used 11256K, committed 11584K, reserved 1048576K
}
Event: 84.060 GC heap after
{Heap after GC invocations=217 (full 0):
 garbage-first heap   total reserved 4194304K, committed 241664K, used 67160K [0x0000000700000000, 0x0000000800000000)
  region size 2048K, 1 young (2048K), 1 survivors (2048K)
 Metaspace       used 77895K, committed 78656K, reserved 1179648K
  class space    used 11256K, committed 11584K, reserved 1048576K
}
Event: 84.220 GC heap before
{Heap before GC invocations=218 (full 0):
 garbage-first heap   total reserved 4194304K, committed 241664K, used 95832K [0x0000000700000000, 0x0000000800000000)
  region size 2048K, 8 young (16384K), 1 survivors (2048K)
 Metaspace       used 77895K, committed 78656K, reserved 1179648K
  class space    used 11256K, committed 11584K, reserved 1048576K
}
Event: 84.222 GC heap after
{Heap after GC invocations=219 (full 0):
 garbage-first heap   total reserved 4194304K, committed 241664K, used 72924K [0x0000000700000000, 0x0000000800000000)
  region size 2048K, 1 young (2048K), 1 survivors (2048K)
 Metaspace       used 77895K, committed 78656K, reserved 1179648K
  class space    used 11256K, committed 11584K, reserved 1048576K
}
Event: 84.317 GC heap before
{Heap before GC invocations=220 (full 0):
 garbage-first heap   total reserved 4194304K, committed 241664K, used 95452K [0x0000000700000000, 0x0000000800000000)
  region size 2048K, 6 young (12288K), 1 survivors (2048K)
 Metaspace       used 77895K, committed 78656K, reserved 1179648K
  class space    used 11256K, committed 11584K, reserved 1048576K
}
Event: 84.319 GC heap after
{Heap after GC invocations=221 (full 0):
 garbage-first heap   total reserved 4194304K, committed 241664K, used 67177K [0x0000000700000000, 0x0000000800000000)
  region size 2048K, 1 young (2048K), 1 survivors (2048K)
 Metaspace       used 77895K, committed 78656K, reserved 1179648K
  class space    used 11256K, committed 11584K, reserved 1048576K
}
Event: 84.478 GC heap before
{Heap before GC invocations=222 (full 0):
 garbage-first heap   total reserved 4194304K, committed 241664K, used 95849K [0x0000000700000000, 0x0000000800000000)
  region size 2048K, 8 young (16384K), 1 survivors (2048K)
 Metaspace       used 77895K, committed 78656K, reserved 1179648K
  class space    used 11256K, committed 11584K, reserved 1048576K
}
Event: 84.481 GC heap after
{Heap after GC invocations=223 (full 0):
 garbage-first heap   total reserved 4194304K, committed 241664K, used 72926K [0x0000000700000000, 0x0000000800000000)
  region size 2048K, 1 young (2048K), 1 survivors (2048K)
 Metaspace       used 77895K, committed 78656K, reserved 1179648K
  class space    used 11256K, committed 11584K, reserved 1048576K
}
Event: 84.578 GC heap before
{Heap before GC invocations=224 (full 0):
 garbage-first heap   total reserved 4194304K, committed 241664K, used 95454K [0x0000000700000000, 0x0000000800000000)
  region size 2048K, 6 young (12288K), 1 survivors (2048K)
 Metaspace       used 77895K, committed 78656K, reserved 1179648K
  class space    used 11256K, committed 11584K, reserved 1048576K
}
Event: 84.580 GC heap after
{Heap after GC invocations=225 (full 0):
 garbage-first heap   total reserved 4194304K, committed 241664K, used 67178K [0x0000000700000000, 0x0000000800000000)
  region size 2048K, 1 young (2048K), 1 survivors (2048K)
 Metaspace       used 77895K, committed 78656K, reserved 1179648K
  class space    used 11256K, committed 11584K, reserved 1048576K
}
Event: 84.743 GC heap before
{Heap before GC invocations=226 (full 0):
 garbage-first heap   total reserved 4194304K, committed 241664K, used 83562K [0x0000000700000000, 0x0000000800000000)
  region size 2048K, 5 young (10240K), 1 survivors (2048K)
 Metaspace       used 77895K, committed 78656K, reserved 1179648K
  class space    used 11256K, committed 11584K, reserved 1048576K
}
Event: 84.746 GC heap after
{Heap after GC invocations=227 (full 0):
 garbage-first heap   total reserved 4194304K, committed 241664K, used 67158K [0x0000000700000000, 0x0000000800000000)
  region size 2048K, 1 young (2048K), 1 survivors (2048K)
 Metaspace       used 77895K, committed 78656K, reserved 1179648K
  class space    used 11256K, committed 11584K, reserved 1048576K
}
Event: 84.911 GC heap before
{Heap before GC invocations=228 (full 0):
 garbage-first heap   total reserved 4194304K, committed 241664K, used 79446K [0x0000000700000000, 0x0000000800000000)
  region size 2048K, 5 young (10240K), 1 survivors (2048K)
 Metaspace       used 77895K, committed 78656K, reserved 1179648K
  class space    used 11256K, committed 11584K, reserved 1048576K
}
Event: 84.913 GC heap after
{Heap after GC invocations=229 (full 0):
 garbage-first heap   total reserved 4194304K, committed 241664K, used 52432K [0x0000000700000000, 0x0000000800000000)
  region size 2048K, 1 young (2048K), 1 survivors (2048K)
 Metaspace       used 77895K, committed 78656K, reserved 1179648K
  class space    used 11256K, committed 11584K, reserved 1048576K
}

