# JRE version: OpenJDK Runtime Environment (22.0.1+8) (build 22.0.1+8-16)
# Java VM: OpenJDK 64-Bit Server VM (22.0.1+8-16, mixed mode, emulated-client, sharing, tiered, compressed oops, compressed class ptrs, g1 gc, windows-amd64)
GC Precious Log:
 CardTable entry size: 512
 Card Set container configuration: InlinePtr #cards 4 size 8 Array Of Cards #cards 16 size 48 Howl #buckets 8 coarsen threshold 3686 Howl Bitmap #cards 512 size 80 coarsen threshold 460 Card regions per heap region 1 cards per card region 4096
 CPUs: 8 total, 8 available
 Memory: 16382M
 Large Page Support: Disabled
 NUMA Support: Disabled
 Compressed Oops: Enabled (Zero based)
 Heap Region Size: 2M
 Heap Min Capacity: 8M
 Heap Initial Capacity: 256M
 Heap Max Capacity: 4G
 Pre-touch: Disabled
 Parallel Workers: 8
 Concurrent Workers: 2
 Concurrent Refinement Workers: 8
 Periodic GC: Disabled
Heap:
 garbage-first heap   total reserved 4194304K, committed 251904K, used 246984K [0x0000000700000000, 0x0000000800000000)
  region size 2048K, 38 young (77824K), 1 survivors (2048K)
 Metaspace       used 80619K, committed 81344K, reserved 1179648K
  class space    used 11620K, committed 11904K, reserved 1048576K
GC Heap History (20 events):
Event: 457.922 GC heap after
{Heap after GC invocations=76 (full 0):
 garbage-first heap   total reserved 4194304K, committed 266240K, used 110895K [0x0000000700000000, 0x0000000800000000)
  region size 2048K, 1 young (2048K), 1 survivors (2048K)
 Metaspace       used 80706K, committed 81344K, reserved 1179648K
  class space    used 11645K, committed 11904K, reserved 1048576K
}
Event: 459.124 GC heap before
{Heap before GC invocations=77 (full 0):
 garbage-first heap   total reserved 4194304K, committed 282624K, used 280879K [0x0000000700000000, 0x0000000800000000)
  region size 2048K, 40 young (81920K), 1 survivors (2048K)
 Metaspace       used 80651K, committed 81344K, reserved 1179648K
  class space    used 11629K, committed 11904K, reserved 1048576K
}
Event: 459.127 GC heap after
{Heap after GC invocations=78 (full 0):
 garbage-first heap   total reserved 4194304K, committed 284672K, used 201082K [0x0000000700000000, 0x0000000800000000)
  region size 2048K, 1 young (2048K), 1 survivors (2048K)
 Metaspace       used 80651K, committed 81344K, reserved 1179648K
  class space    used 11629K, committed 11904K, reserved 1048576K
}
Event: 459.642 GC heap before
{Heap before GC invocations=78 (full 0):
 garbage-first heap   total reserved 4194304K, committed 296960K, used 295290K [0x0000000700000000, 0x0000000800000000)
  region size 2048K, 14 young (28672K), 1 survivors (2048K)
 Metaspace       used 80651K, committed 81344K, reserved 1179648K
  class space    used 11629K, committed 11904K, reserved 1048576K
}
Event: 459.649 GC heap after
{Heap after GC invocations=79 (full 0):
 garbage-first heap   total reserved 4194304K, committed 301056K, used 237421K [0x0000000700000000, 0x0000000800000000)
  region size 2048K, 1 young (2048K), 1 survivors (2048K)
 Metaspace       used 80651K, committed 81344K, reserved 1179648K
  class space    used 11629K, committed 11904K, reserved 1048576K
}
Event: 459.652 GC heap before
{Heap before GC invocations=79 (full 0):
 garbage-first heap   total reserved 4194304K, committed 301056K, used 237421K [0x0000000700000000, 0x0000000800000000)
  region size 2048K, 2 young (4096K), 1 survivors (2048K)
 Metaspace       used 80651K, committed 81344K, reserved 1179648K
  class space    used 11629K, committed 11904K, reserved 1048576K
}
Event: 459.655 GC heap after
{Heap after GC invocations=80 (full 0):
 garbage-first heap   total reserved 4194304K, committed 301056K, used 69469K [0x0000000700000000, 0x0000000800000000)
  region size 2048K, 1 young (2048K), 1 survivors (2048K)
 Metaspace       used 80651K, committed 81344K, reserved 1179648K
  class space    used 11629K, committed 11904K, reserved 1048576K
}
Event: 461.376 GC heap before
{Heap before GC invocations=81 (full 0):
 garbage-first heap   total reserved 4194304K, committed 290816K, used 286557K [0x0000000700000000, 0x0000000800000000)
  region size 2048K, 43 young (88064K), 1 survivors (2048K)
 Metaspace       used 80619K, committed 81344K, reserved 1179648K
  class space    used 11620K, committed 11904K, reserved 1048576K
}
Event: 461.379 GC heap after
{Heap after GC invocations=82 (full 0):
 garbage-first heap   total reserved 4194304K, committed 294912K, used 202943K [0x0000000700000000, 0x0000000800000000)
  region size 2048K, 1 young (2048K), 1 survivors (2048K)
 Metaspace       used 80619K, committed 81344K, reserved 1179648K
  class space    used 11620K, committed 11904K, reserved 1048576K
}
Event: 461.923 GC heap before
{Heap before GC invocations=82 (full 0):
 garbage-first heap   total reserved 4194304K, committed 305152K, used 301247K [0x0000000700000000, 0x0000000800000000)
  region size 2048K, 19 young (38912K), 1 survivors (2048K)
 Metaspace       used 80619K, committed 81344K, reserved 1179648K
  class space    used 11620K, committed 11904K, reserved 1048576K
}
Event: 461.929 GC heap after
{Heap after GC invocations=83 (full 0):
 garbage-first heap   total reserved 4194304K, committed 309248K, used 120378K [0x0000000700000000, 0x0000000800000000)
  region size 2048K, 1 young (2048K), 1 survivors (2048K)
 Metaspace       used 80619K, committed 81344K, reserved 1179648K
  class space    used 11620K, committed 11904K, reserved 1048576K
}
Event: 461.991 GC heap before
{Heap before GC invocations=83 (full 0):
 garbage-first heap   total reserved 4194304K, committed 309248K, used 124474K [0x0000000700000000, 0x0000000800000000)
  region size 2048K, 4 young (8192K), 1 survivors (2048K)
 Metaspace       used 80619K, committed 81344K, reserved 1179648K
  class space    used 11620K, committed 11904K, reserved 1048576K
}
Event: 461.994 GC heap after
{Heap after GC invocations=84 (full 0):
 garbage-first heap   total reserved 4194304K, committed 309248K, used 68780K [0x0000000700000000, 0x0000000800000000)
  region size 2048K, 1 young (2048K), 1 survivors (2048K)
 Metaspace       used 80619K, committed 81344K, reserved 1179648K
  class space    used 11620K, committed 11904K, reserved 1048576K
}
Event: 463.180 GC heap before
{Heap before GC invocations=85 (full 0):
 garbage-first heap   total reserved 4194304K, committed 290816K, used 287916K [0x0000000700000000, 0x0000000800000000)
  region size 2048K, 43 young (88064K), 1 survivors (2048K)
 Metaspace       used 80619K, committed 81344K, reserved 1179648K
  class space    used 11620K, committed 11904K, reserved 1048576K
}
Event: 463.183 GC heap after
{Heap after GC invocations=86 (full 0):
 garbage-first heap   total reserved 4194304K, committed 294912K, used 194060K [0x0000000700000000, 0x0000000800000000)
  region size 2048K, 1 young (2048K), 1 survivors (2048K)
 Metaspace       used 80619K, committed 81344K, reserved 1179648K
  class space    used 11620K, committed 11904K, reserved 1048576K
}
Event: 463.744 GC heap before
{Heap before GC invocations=86 (full 0):
 garbage-first heap   total reserved 4194304K, committed 305152K, used 298508K [0x0000000700000000, 0x0000000800000000)
  region size 2048K, 23 young (47104K), 1 survivors (2048K)
 Metaspace       used 80619K, committed 81344K, reserved 1179648K
  class space    used 11620K, committed 11904K, reserved 1048576K
}
Event: 463.748 GC heap after
{Heap after GC invocations=87 (full 0):
 garbage-first heap   total reserved 4194304K, committed 307200K, used 120455K [0x0000000700000000, 0x0000000800000000)
  region size 2048K, 1 young (2048K), 1 survivors (2048K)
 Metaspace       used 80619K, committed 81344K, reserved 1179648K
  class space    used 11620K, committed 11904K, reserved 1048576K
}
Event: 463.769 GC heap before
{Heap before GC invocations=87 (full 0):
 garbage-first heap   total reserved 4194304K, committed 307200K, used 122503K [0x0000000700000000, 0x0000000800000000)
  region size 2048K, 3 young (6144K), 1 survivors (2048K)
 Metaspace       used 80619K, committed 81344K, reserved 1179648K
  class space    used 11620K, committed 11904K, reserved 1048576K
}
Event: 463.771 GC heap after
{Heap after GC invocations=88 (full 0):
 garbage-first heap   total reserved 4194304K, committed 307200K, used 58568K [0x0000000700000000, 0x0000000800000000)
  region size 2048K, 1 young (2048K), 1 survivors (2048K)
 Metaspace       used 80619K, committed 81344K, reserved 1179648K
  class space    used 11620K, committed 11904K, reserved 1048576K
}
Event: 464.939 GC heap before
{Heap before GC invocations=89 (full 0):
 garbage-first heap   total reserved 4194304K, committed 249856K, used 246984K [0x0000000700000000, 0x0000000800000000)
  region size 2048K, 38 young (77824K), 1 survivors (2048K)
 Metaspace       used 80619K, committed 81344K, reserved 1179648K
  class space    used 11620K, committed 11904K, reserved 1048576K
}

